<?xml version="1.0" encoding="UTF-8"?>
<!-- Generated by org.testng.reporters.JUnitReportReporter -->
<testsuite hostname="LAP-CW-ENG-026" failures="0" tests="1" name="TodoTestCase" time="2.332" errors="0" timestamp="2024-10-12T19:03:31 IST" skipped="0">
  <testcase classname="TodoTestCase" name="testFanCodeUserTaskCompletion" time="2.332"/>
  <system-out/>
</testsuite> <!-- TodoTestCase -->
